<?xml version="1.0" encoding="UTF-8"?>
<!-- Generated by org.testng.reporters.JUnitReportReporter -->
<testsuite hostname="LAPTOP-HL5DN9NP" name="TestCases.LoginPageTests" tests="1" failures="0" timestamp="14 May 2021 18:17:13 GMT" time="0.001" errors="0">
  <testcase name="home" time="0.001" classname="TestCases.LoginPageTests"/>
</testsuite> <!-- TestCases.LoginPageTests -->
