<?xml version="1.0" encoding="UTF-8"?>
<!-- Generated by org.testng.reporters.JUnitReportReporter -->
<testsuite hostname="LAPTOP-HL5DN9NP" name="TestCases.HomePageTests" tests="1" failures="0" timestamp="14 May 2021 17:48:05 GMT" time="7.946" errors="0">
  <testcase name="home" time="7.946" classname="TestCases.HomePageTests"/>
</testsuite> <!-- TestCases.HomePageTests -->
