<?xml version="1.0" encoding="UTF-8"?>
<!-- Generated by org.testng.reporters.JUnitReportReporter -->
<testsuite hostname="LAPTOP-HL5DN9NP" name="TestCases.PageTests" tests="1" failures="0" timestamp="14 May 2021 18:28:10 GMT" time="20.678" errors="0">
  <testcase name="home" time="20.678" classname="TestCases.PageTests"/>
</testsuite> <!-- TestCases.PageTests -->
